{
  "RSpec": {
    "coverage": {
      "/Users/markmiranda/Personal/rails_projects/nfl_suicide_league/app/controllers/pages_controller.rb": [
        1,
        null,
        null
      ],
      "/Users/markmiranda/Personal/rails_projects/nfl_suicide_league/app/controllers/application_controller.rb": [
        1,
        1,
        null,
        1,
        1,
        1,
        null,
        1,
        null,
        1,
        32,
        null,
        null,
        1,
        19,
        null,
        null,
        1,
        4,
        null,
        null
      ],
      "/Users/markmiranda/Personal/rails_projects/nfl_suicide_league/app/controllers/sessions_controller.rb": [
        1,
        1,
        null,
        1,
        null,
        null,
        1,
        6,
        6,
        2,
        2,
        null,
        4,
        null,
        null,
        null,
        1,
        2,
        2,
        null,
        null
      ],
      "/Users/markmiranda/Personal/rails_projects/nfl_suicide_league/app/controllers/users_controller.rb": [
        1,
        1,
        1,
        null,
        1,
        3,
        null,
        null,
        1,
        2,
        null,
        null,
        1,
        3,
        3,
        2,
        2,
        null,
        1,
        null,
        null,
        null,
        1,
        null,
        1,
        null,
        3,
        null,
        null
      ],
      "/Users/markmiranda/Personal/rails_projects/nfl_suicide_league/app/models/user.rb": [
        1,
        1,
        null,
        1,
        1,
        1,
        1,
        null
      ],
      "/Users/markmiranda/Personal/rails_projects/nfl_suicide_league/app/models/application_record.rb": [
        1,
        1,
        null
      ],
      "/Users/markmiranda/Personal/rails_projects/nfl_suicide_league/app/channels/application_cable/channel.rb": [
        0,
        0,
        0,
        0
      ],
      "/Users/markmiranda/Personal/rails_projects/nfl_suicide_league/app/channels/application_cable/connection.rb": [
        0,
        0,
        0,
        0
      ],
      "/Users/markmiranda/Personal/rails_projects/nfl_suicide_league/app/helpers/application_helper.rb": [
        0,
        0
      ],
      "/Users/markmiranda/Personal/rails_projects/nfl_suicide_league/app/jobs/application_job.rb": [
        0,
        0
      ],
      "/Users/markmiranda/Personal/rails_projects/nfl_suicide_league/app/mailers/application_mailer.rb": [
        0,
        0,
        0,
        0
      ]
    },
    "timestamp": 1509999594
  }
}
